<?xml version="1.0" encoding="UTF-8"?>
<!-- Generated by org.testng.reporters.JUnitXMLReporter -->
<testsuite hostname="Mac-Pro-de-NUTES.local" ignored="0" name="Default test" tests="7" failures="0" timestamp="03 fev 2020 14:26:42 GMT" time="1.729" errors="0">
  <testcase name="@BeforeClass setUp" time="1.699" classname="newTests.TestFlowOne">
    <failure type="org.openqa.selenium.SessionNotCreatedException" message="session not created: This version of ChromeDriver only supports Chrome version 76
Build info: version: &amp;apos;3.141.59&amp;apos;, revision: &amp;apos;e82be7d358&amp;apos;, time: &amp;apos;2018-11-14T08:17:03&amp;apos;
System info: host: &amp;apos;Mac-Pro-de-NUTES.local&amp;apos;, ip: &amp;apos;192.168.50.161&amp;apos;, os.name: &amp;apos;Mac OS X&amp;apos;, os.arch: &amp;apos;x86_64&amp;apos;, os.version: &amp;apos;10.14.6&amp;apos;, java.version: &amp;apos;1.8.0_131&amp;apos;
Driver info: driver.version: ChromeDriver
remote stacktrace: 0   chromedriver                        0x000000010651cf69 chromedriver + 3649385
1   chromedriver                        0x00000001064acf73 chromedriver + 3190643
2   chromedriver                        0x000000010624db1f chromedriver + 703263
3   chromedriver                        0x00000001061b93fb chromedriver + 95227
4   chromedriver                        0x00000001061b54a8 chromedriver + 79016
5   chromedriver                        0x00000001061e1f79 chromedriver + 262009
6   chromedriver                        0x00000001061df593 chromedriver + 251283
7   chromedriver                        0x00000001061bb5e2 chromedriver + 103906
8   chromedriver                        0x00000001061bc6a5 chromedriver + 108197
9   chromedriver                        0x00000001064daa5f chromedriver + 3377759
10  chromedriver                        0x00000001064e6780 chromedriver + 3426176
11  chromedriver                        0x00000001064e6518 chromedriver + 3425560
12  chromedriver                        0x00000001064baea9 chromedriver + 3247785
13  chromedriver                        0x00000001064e6ff8 chromedriver + 3428344
14  chromedriver                        0x00000001064ced47 chromedriver + 3329351
15  chromedriver                        0x0000000106503e54 chromedriver + 3546708
16  chromedriver                        0x0000000106522ca7 chromedriver + 3673255
17  libsystem_pthread.dylib             0x00007fff63e722eb _pthread_body + 126
18  libsystem_pthread.dylib             0x00007fff63e75249 _pthread_start + 66
19  libsystem_pthread.dylib             0x00007fff63e7140d thread_start + 13
">
      <![CDATA[org.openqa.selenium.SessionNotCreatedException: session not created: This version of ChromeDriver only supports Chrome version 76
Build info: version: '3.141.59', revision: 'e82be7d358', time: '2018-11-14T08:17:03'
System info: host: 'Mac-Pro-de-NUTES.local', ip: '192.168.50.161', os.name: 'Mac OS X', os.arch: 'x86_64', os.version: '10.14.6', java.version: '1.8.0_131'
Driver info: driver.version: ChromeDriver
remote stacktrace: 0   chromedriver                        0x000000010651cf69 chromedriver + 3649385
1   chromedriver                        0x00000001064acf73 chromedriver + 3190643
2   chromedriver                        0x000000010624db1f chromedriver + 703263
3   chromedriver                        0x00000001061b93fb chromedriver + 95227
4   chromedriver                        0x00000001061b54a8 chromedriver + 79016
5   chromedriver                        0x00000001061e1f79 chromedriver + 262009
6   chromedriver                        0x00000001061df593 chromedriver + 251283
7   chromedriver                        0x00000001061bb5e2 chromedriver + 103906
8   chromedriver                        0x00000001061bc6a5 chromedriver + 108197
9   chromedriver                        0x00000001064daa5f chromedriver + 3377759
10  chromedriver                        0x00000001064e6780 chromedriver + 3426176
11  chromedriver                        0x00000001064e6518 chromedriver + 3425560
12  chromedriver                        0x00000001064baea9 chromedriver + 3247785
13  chromedriver                        0x00000001064e6ff8 chromedriver + 3428344
14  chromedriver                        0x00000001064ced47 chromedriver + 3329351
15  chromedriver                        0x0000000106503e54 chromedriver + 3546708
16  chromedriver                        0x0000000106522ca7 chromedriver + 3673255
17  libsystem_pthread.dylib             0x00007fff63e722eb _pthread_body + 126
18  libsystem_pthread.dylib             0x00007fff63e75249 _pthread_start + 66
19  libsystem_pthread.dylib             0x00007fff63e7140d thread_start + 13

	at sun.reflect.NativeConstructorAccessorImpl.newInstance0(Native Method)
	at sun.reflect.NativeConstructorAccessorImpl.newInstance(NativeConstructorAccessorImpl.java:62)
	at sun.reflect.DelegatingConstructorAccessorImpl.newInstance(DelegatingConstructorAccessorImpl.java:45)
	at java.lang.reflect.Constructor.newInstance(Constructor.java:423)
	at org.openqa.selenium.remote.W3CHandshakeResponse.lambda$errorHandler$0(W3CHandshakeResponse.java:62)
	at org.openqa.selenium.remote.HandshakeResponse.lambda$getResponseFunction$0(HandshakeResponse.java:30)
	at org.openqa.selenium.remote.ProtocolHandshake.lambda$createSession$0(ProtocolHandshake.java:126)
	at java.util.stream.ReferencePipeline$3$1.accept(ReferencePipeline.java:193)
	at java.util.Spliterators$ArraySpliterator.tryAdvance(Spliterators.java:958)
	at java.util.stream.ReferencePipeline.forEachWithCancel(ReferencePipeline.java:126)
	at java.util.stream.AbstractPipeline.copyIntoWithCancel(AbstractPipeline.java:498)
	at java.util.stream.AbstractPipeline.copyInto(AbstractPipeline.java:485)
	at java.util.stream.AbstractPipeline.wrapAndCopyInto(AbstractPipeline.java:471)
	at java.util.stream.FindOps$FindOp.evaluateSequential(FindOps.java:152)
	at java.util.stream.AbstractPipeline.evaluate(AbstractPipeline.java:234)
	at java.util.stream.ReferencePipeline.findFirst(ReferencePipeline.java:464)
	at org.openqa.selenium.remote.ProtocolHandshake.createSession(ProtocolHandshake.java:128)
	at org.openqa.selenium.remote.ProtocolHandshake.createSession(ProtocolHandshake.java:74)
	at org.openqa.selenium.remote.HttpCommandExecutor.execute(HttpCommandExecutor.java:136)
	at org.openqa.selenium.remote.service.DriverCommandExecutor.execute(DriverCommandExecutor.java:83)
	at org.openqa.selenium.remote.RemoteWebDriver.execute(RemoteWebDriver.java:552)
	at org.openqa.selenium.remote.RemoteWebDriver.startSession(RemoteWebDriver.java:213)
	at org.openqa.selenium.remote.RemoteWebDriver.<init>(RemoteWebDriver.java:131)
	at org.openqa.selenium.chrome.ChromeDriver.<init>(ChromeDriver.java:181)
	at org.openqa.selenium.chrome.ChromeDriver.<init>(ChromeDriver.java:168)
	at org.openqa.selenium.chrome.ChromeDriver.<init>(ChromeDriver.java:123)
	at newTests.TestFlowOne.setUp(TestFlowOne.java:47)
	at sun.reflect.NativeMethodAccessorImpl.invoke0(Native Method)
	at sun.reflect.NativeMethodAccessorImpl.invoke(NativeMethodAccessorImpl.java:62)
	at sun.reflect.DelegatingMethodAccessorImpl.invoke(DelegatingMethodAccessorImpl.java:43)
	at java.lang.reflect.Method.invoke(Method.java:498)
	at org.testng.internal.MethodInvocationHelper.invokeMethod(MethodInvocationHelper.java:108)
	at org.testng.internal.Invoker.invokeConfigurationMethod(Invoker.java:523)
	at org.testng.internal.Invoker.invokeConfigurations(Invoker.java:224)
	at org.testng.internal.Invoker.invokeConfigurations(Invoker.java:146)
	at org.testng.internal.TestMethodWorker.invokeBeforeClassMethods(TestMethodWorker.java:166)
	at org.testng.internal.TestMethodWorker.run(TestMethodWorker.java:105)
	at org.testng.TestRunner.privateRun(TestRunner.java:744)
	at org.testng.TestRunner.run(TestRunner.java:602)
	at org.testng.SuiteRunner.runTest(SuiteRunner.java:380)
	at org.testng.SuiteRunner.runSequentially(SuiteRunner.java:375)
	at org.testng.SuiteRunner.privateRun(SuiteRunner.java:340)
	at org.testng.SuiteRunner.run(SuiteRunner.java:289)
	at org.testng.SuiteRunnerWorker.runSuite(SuiteRunnerWorker.java:52)
	at org.testng.SuiteRunnerWorker.run(SuiteRunnerWorker.java:86)
	at org.testng.TestNG.runSuitesSequentially(TestNG.java:1301)
	at org.testng.TestNG.runSuitesLocally(TestNG.java:1226)
	at org.testng.TestNG.runSuites(TestNG.java:1144)
	at org.testng.TestNG.run(TestNG.java:1115)
	at org.testng.remote.AbstractRemoteTestNG.run(AbstractRemoteTestNG.java:115)
	at org.testng.remote.RemoteTestNG.initAndRun(RemoteTestNG.java:251)
	at org.testng.remote.RemoteTestNG.main(RemoteTestNG.java:77)
]]>
    </failure>
  </testcase> <!-- @BeforeClass setUp -->
  <testcase name="@AfterClass tearDown" time="0.0" classname="newTests.TestFlowOne">
    <skipped/>
  </testcase> <!-- @AfterClass tearDown -->
  <testcase name="testLogin" time="0.0" classname="newTests.TestFlowOne">
    <skipped/>
  </testcase> <!-- testLogin -->
  <testcase name="testBooking" time="0.0" classname="newTests.TestFlowOne">
    <skipped/>
  </testcase> <!-- testBooking -->
  <testcase name="testSelectContacts" time="0.0" classname="newTests.TestFlowOne">
    <skipped/>
  </testcase> <!-- testSelectContacts -->
  <testcase name="testTicketConfirm" time="0.0" classname="newTests.TestFlowOne">
    <skipped/>
  </testcase> <!-- testTicketConfirm -->
  <testcase name="testTicketPay" time="0.0" classname="newTests.TestFlowOne">
    <skipped/>
  </testcase> <!-- testTicketPay -->
  <testcase name="testTicketCollect" time="0.0" classname="newTests.TestFlowOne">
    <skipped/>
  </testcase> <!-- testTicketCollect -->
  <testcase name="testEnterStation" time="0.0" classname="newTests.TestFlowOne">
    <skipped/>
  </testcase> <!-- testEnterStation -->
</testsuite> <!-- Default test -->
